Now start to rsync centos 6.7 base!
 _______________________________________________________________
|         University of Science and Technology of China         |
|           Open Source Mirror  (mirrors.ustc.edu.cn)           |
|===============================================================|
|                                                               |
| Debian primary mirror in China mainland (ftp.cn.debian.org),  |
|     also mirroring a great many OSS projects & Linux distros. |
|                                                               |
| Currently we don't limit speed. To prevent overload, Each IP  |
| is only allowed to start upto 2 concurrent rsync connections. |
|                                                               |
| This site also provides http/https/ftp access.                |
|                                                               |
| Supported by USTC Network Information Center                  |
|          and USTC Linux User Group (http://lug.ustc.edu.cn/). |
|                                                               |
|    Sync Status:  http://mirrors.ustc.edu.cn/status/           |
|           News:  http://servers.blog.ustc.edu.cn/             |
|        Contact:  mirrors@ustc.edu.cn                          |
|                                                               |
|_______________________________________________________________|


[1;31mRsync is fail![0m
Now start to rsync centos 7.0 base!
 _______________________________________________________________
|         University of Science and Technology of China         |
|           Open Source Mirror  (mirrors.ustc.edu.cn)           |
|===============================================================|
|                                                               |
| Debian primary mirror in China mainland (ftp.cn.debian.org),  |
|     also mirroring a great many OSS projects & Linux distros. |
|                                                               |
| Currently we don't limit speed. To prevent overload, Each IP  |
| is only allowed to start upto 2 concurrent rsync connections. |
|                                                               |
| This site also provides http/https/ftp access.                |
|                                                               |
| Supported by USTC Network Information Center                  |
|          and USTC Linux User Group (http://lug.ustc.edu.cn/). |
|                                                               |
|    Sync Status:  http://mirrors.ustc.edu.cn/status/           |
|           News:  http://servers.blog.ustc.edu.cn/             |
|        Contact:  mirrors@ustc.edu.cn                          |
|                                                               |
|_______________________________________________________________|


[1;31mRsync is fail![0m
Now start to rsync epel 6Server!
 _______________________________________________________________
|         University of Science and Technology of China         |
|           Open Source Mirror  (mirrors.ustc.edu.cn)           |
|===============================================================|
|                                                               |
| Debian primary mirror in China mainland (ftp.cn.debian.org),  |
|     also mirroring a great many OSS projects & Linux distros. |
|                                                               |
| Currently we don't limit speed. To prevent overload, Each IP  |
| is only allowed to start upto 2 concurrent rsync connections. |
|                                                               |
| This site also provides http/https/ftp access.                |
|                                                               |
| Supported by USTC Network Information Center                  |
|          and USTC Linux User Group (http://lug.ustc.edu.cn/). |
|                                                               |
|    Sync Status:  http://mirrors.ustc.edu.cn/status/           |
|           News:  http://servers.blog.ustc.edu.cn/             |
|        Contact:  mirrors@ustc.edu.cn                          |
|                                                               |
|_______________________________________________________________|


[1;31mRsync is fail![0m
Now start to rsync epel 7!
 _______________________________________________________________
|         University of Science and Technology of China         |
|           Open Source Mirror  (mirrors.ustc.edu.cn)           |
|===============================================================|
|                                                               |
| Debian primary mirror in China mainland (ftp.cn.debian.org),  |
|     also mirroring a great many OSS projects & Linux distros. |
|                                                               |
| Currently we don't limit speed. To prevent overload, Each IP  |
| is only allowed to start upto 2 concurrent rsync connections. |
|                                                               |
| This site also provides http/https/ftp access.                |
|                                                               |
| Supported by USTC Network Information Center                  |
|          and USTC Linux User Group (http://lug.ustc.edu.cn/). |
|                                                               |
|    Sync Status:  http://mirrors.ustc.edu.cn/status/           |
|           News:  http://servers.blog.ustc.edu.cn/             |
|        Contact:  mirrors@ustc.edu.cn                          |
|                                                               |
|_______________________________________________________________|


[1;31mRsync is fail![0m
